<?xml version="1.0" encoding="UTF-8"?>
<!-- Generated by org.testng.reporters.JUnitXMLReporter -->
<testsuite ignored="18" hostname="DESKTOP-UOT6FKJ" failures="0" tests="1" name="Default test" time="7.832" errors="0" timestamp="2024-09-12T21:53:22 BDT">
  <testcase classname="com.bbc.testcases.BBChomepageTestCase" name="verifycontactTechnicalSupport" time="0.641"/>
  <testcase classname="com.bbc.testcases.BBChomepageTestCase" name="verifyRegisterButton" time="0.0">
    <ignored/>
  </testcase> <!-- verifyRegisterButton -->
  <testcase classname="com.bbc.testcases.BBChomepageTestCase" name="verifyadvertiseWithUs" time="0.0">
    <ignored/>
  </testcase> <!-- verifyadvertiseWithUs -->
  <testcase classname="com.bbc.testcases.BBChomepageTestCase" name="verifySignInButton" time="0.0">
    <ignored/>
  </testcase> <!-- verifySignInButton -->
  <testcase classname="com.bbc.testcases.BBChomepageTestCase" name="verifyMoreNews" time="0.0">
    <ignored/>
  </testcase> <!-- verifyMoreNews -->
  <testcase classname="com.bbc.testcases.BBChomepageTestCase" name="verifyCookies" time="0.0">
    <ignored/>
  </testcase> <!-- verifyCookies -->
  <testcase classname="com.bbc.testcases.BBChomepageTestCase" name="verifySearchIcon" time="0.0">
    <ignored/>
  </testcase> <!-- verifySearchIcon -->
  <testcase classname="com.bbc.testcases.BBChomepageTestCase" name="verifyHamburgerIcon" time="0.0">
    <ignored/>
  </testcase> <!-- verifyHamburgerIcon -->
  <testcase classname="com.bbc.testcases.BBChomepageTestCase" name="verifyLanguageDropdown" time="0.0">
    <ignored/>
  </testcase> <!-- verifyLanguageDropdown -->
  <testcase classname="com.bbc.testcases.BBChomepageTestCase" name="verifyReadExternalLinking" time="0.0">
    <ignored/>
  </testcase> <!-- verifyReadExternalLinking -->
  <testcase classname="com.bbc.testcases.BBChomepageTestCase" name="verifyaccessibilityHelp" time="0.0">
    <ignored/>
  </testcase> <!-- verifyaccessibilityHelp -->
  <testcase classname="com.bbc.testcases.BBChomepageTestCase" name="verifyaboutBbc" time="0.0">
    <ignored/>
  </testcase> <!-- verifyaboutBbc -->
  <testcase classname="com.bbc.testcases.BBChomepageTestCase" name="verifyUsElectionSection" time="0.0">
    <ignored/>
  </testcase> <!-- verifyUsElectionSection -->
  <testcase classname="com.bbc.testcases.BBChomepageTestCase" name="verifycontactTheBbc" time="0.0">
    <ignored/>
  </testcase> <!-- verifycontactTheBbc -->
  <testcase classname="com.bbc.testcases.BBChomepageTestCase" name="verifySearchField" time="0.0">
    <ignored/>
  </testcase> <!-- verifySearchField -->
  <testcase classname="com.bbc.testcases.BBChomepageTestCase" name="verifyUsElection" time="0.0">
    <ignored/>
  </testcase> <!-- verifyUsElection -->
  <testcase classname="com.bbc.testcases.BBChomepageTestCase" name="verifyTermsOfUse" time="0.0">
    <ignored/>
  </testcase> <!-- verifyTermsOfUse -->
  <testcase classname="com.bbc.testcases.BBChomepageTestCase" name="verifyPrivacyPolicy" time="0.0">
    <ignored/>
  </testcase> <!-- verifyPrivacyPolicy -->
  <testcase classname="com.bbc.testcases.BBChomepageTestCase" name="verifyLogo" time="0.0">
    <ignored/>
  </testcase> <!-- verifyLogo -->
</testsuite> <!-- Default test -->
