<?xml version="1.0" encoding="UTF-8"?>
<!-- Generated by org.testng.reporters.JUnitXMLReporter -->
<testsuite ignored="5" hostname="DESKTOP-UOT6FKJ" failures="0" tests="1" name="Default test" time="9.062" errors="0" timestamp="2024-09-11T13:38:04 BDT">
  <testcase classname="com.bbc.testcases.BBChomepageTestCase" name="verifyHamburgerIcon" time="0.613"/>
  <testcase classname="com.bbc.testcases.BBChomepageTestCase" name="verifySignInButton" time="0.0">
    <ignored/>
  </testcase> <!-- verifySignInButton -->
  <testcase classname="com.bbc.testcases.BBChomepageTestCase" name="verifySearchIcon" time="0.0">
    <ignored/>
  </testcase> <!-- verifySearchIcon -->
  <testcase classname="com.bbc.testcases.BBChomepageTestCase" name="verifySearchField" time="0.0">
    <ignored/>
  </testcase> <!-- verifySearchField -->
  <testcase classname="com.bbc.testcases.BBChomepageTestCase" name="verifyRegisterButton" time="0.0">
    <ignored/>
  </testcase> <!-- verifyRegisterButton -->
  <testcase classname="com.bbc.testcases.BBChomepageTestCase" name="verifyLogo" time="0.0">
    <ignored/>
  </testcase> <!-- verifyLogo -->
</testsuite> <!-- Default test -->
