<?xml version="1.0" encoding="UTF-8"?>
<testng-results ignored="0" total="1" passed="1" failed="0" skipped="0">
  <reporter-output>
  </reporter-output>
  <suite started-at="2024-09-12T21:53:14 BDT" name="Default suite" finished-at="2024-09-12T21:53:22 BDT" duration-ms="7832">
    <groups>
    </groups>
    <test started-at="2024-09-12T21:53:14 BDT" name="Default test" finished-at="2024-09-12T21:53:22 BDT" duration-ms="7832">
      <class name="com.bbc.testcases.BBChomepageTestCase">
        <test-method is-config="true" signature="setup()[pri:0, instance:com.bbc.testcases.BBChomepageTestCase@477b4cdf]" started-at="2024-09-12T21:53:14 BDT" name="setup" finished-at="2024-09-12T21:53:21 BDT" duration-ms="6885" status="PASS">
          <reporter-output>
          </reporter-output>
        </test-method> <!-- setup -->
        <test-method signature="verifycontactTechnicalSupport()[pri:0, instance:com.bbc.testcases.BBChomepageTestCase@477b4cdf]" started-at="2024-09-12T21:53:21 BDT" name="verifycontactTechnicalSupport" finished-at="2024-09-12T21:53:22 BDT" duration-ms="641" status="PASS">
          <reporter-output>
          </reporter-output>
        </test-method> <!-- verifycontactTechnicalSupport -->
        <test-method is-config="true" signature="tearDown()[pri:0, instance:com.bbc.testcases.BBChomepageTestCase@477b4cdf]" started-at="2024-09-12T21:53:22 BDT" name="tearDown" finished-at="2024-09-12T21:53:22 BDT" duration-ms="253" status="PASS">
          <reporter-output>
          </reporter-output>
        </test-method> <!-- tearDown -->
      </class> <!-- com.bbc.testcases.BBChomepageTestCase -->
    </test> <!-- Default test -->
  </suite> <!-- Default suite -->
</testng-results>
